Allegro Report
E:/work/jina/usm/allegro/usm-p2-1_20180124.brd
Wed Jan 24 11:54:31 2018

Net Name,Net Pins
485_DE_EN,R50.1 R63.1 S2.15 U5.13 U13.3
485_RE_EN,R47.1 R61.1 S2.16 U5.12 U13.2
485_RX,R49.1 TH6.1
485_RXD,R65.1 S2.14 U5.30 U13.1
485_TX,R48.1 TH5.1
485_TXD,R67.1 S2.13 U5.31 U13.4
A24V,C37.2 D5.1 D15.1 Q8.3 R3.2 R25.2 R37.2 R41.2 U3.8
A5.5V,C12.2 C16.1 C20.1 D11.2 R22.1 R28.2 TH9.1 U2.8 U3.1
D3V3P,C48.1 C49.1 C50.1 C53.1 FB1.2 R57.2 R58.2 R59.2 TH11.1 U14.2 U16.1 U16.14 U17.3
D4.9V,C15.2 C18.2 C27.2 C47.1 C54.1 C56.2 D11.1 J2.2 R33.2 R42.2 R43.2 R47.2 R50.2 R51.2 R55.2 R56.2 R61.2 R63.2 R65.2 R67.2 R69.2 R71.2 R73.2 R75.2 TH8.1 U5.4 U5.6 U5.18 U5.20 U13.8 U15.5 U15.8 U17.7
GND,C11.1 C12.1 C15.1 C16.2 C17.2 C18.1 C19.2 C20.2 C27.1 C37.1 C39.2 C47.2 C48.2 C49.2 C50.2 C51.2 C52.2 C53.2 C54.2 C55.2 C56.1 D2.2 D16.2 D17.2 H1.1 H2.1 H3.1 H4.1 J2.6 J3.3 Q1.3 Q4.2 Q6.2 Q9.2 Q10.2 R1.1 R2.1 R7.1 R8.1 R20.1 R24.1 R31.1 R40.1 R45.1 R46.1 R54.1 R60.1 R62.1 R64.1 R66.1 R68.1 R70.1 R72.1 R74.1 TH7.1 TH10.1 U2.4 U3.4 U5.3 U5.5 U5.21 U13.5 U14.1 U15.4 U15.9 U16.5 U16.10 U16.12 U17.2
I2C_SCL,R55.1 TH1.1 U5.28 U14.6
I2C_SDA,R56.1 TH2.1 U5.27 U14.5
INT1,R52.1 U17.5
INT1_M,U5.10 U17.8
INT2,R53.1 U17.4
INT2_M,U5.11 U17.1
LED_GREEN,R44.1 U5.25
LED_RED,R38.1 U5.26
N00306,C55.1 U15.3
N00430,Q8.1 R10.1
N00485,Q8.2 R2.2 R8.2
N00560,C39.1 FB1.1 U15.1
N00808,C51.1 R51.1 U14.7 U14.8
N00882,R28.1 R31.2 U3.7
N16711905,Q9.1 R32.2
N16712688,R43.1 R48.2 U13.6
N16712703,R45.2 R49.2 U13.7
N16713814,J2.3 U5.17
N16714271,C19.1 U5.8 Y4.2
N16714295,C17.1 U5.7 Y4.1
N16714845,J2.1 U5.16
N16714864,J2.4 U5.15
N16717763,R54.2 U16.7
N16718046,R53.2 U16.9
N16718070,R52.2 U16.11
N16718282,C52.1 U16.2
N16724355,R59.1 U17.6
N16729656,R60.2 S2.1
N16729712,R62.2 S2.2
N16729754,R64.2 S2.3
N16729796,R66.2 S2.4
N16732309,R68.2 S2.5
N16732331,R70.2 S2.6
N16732335,R72.2 S2.7
N16732375,R74.2 S2.8
N16777693,Q4.1 R6.2 R7.2
N16777717,Q1.1 Q4.3 Q7.1 R3.1
N167777270,Q7.3 R25.1
N16777760,C13.2 Q1.2 Q7.2
N16777979,C7.2 R15.2
N16777981,C7.1 R11.1 U2.2
N16778000,R22.2 R24.2 U2.3 U2.5
N16778063,C8.1 R13.1 U2.6
N16778096,R11.2 R16.1 TP9.1 U2.1
N16778098,C8.2 R16.2
N16778104,C9.2 R13.2 TP10.1 U2.7
N16778216,C9.1 D1.2 D2.1
N16779077,D9.2 Q5.3 Q6.3
N16779095,Q5.2 Q6.1 R40.2
N16779267,Q5.1 R38.2
N16779649,D18.2 Q3.3 Q10.3
N16779651,Q3.2 Q10.1 R46.2
N16779692,Q3.1 R44.2
N16779821,D14.1 R41.1
N16779835,D10.1 D14.2
N16779837,D10.2 D19.1
N16779852,D18.1 D19.2
N16779961,D6.1 R37.1
N16779980,D6.2 D7.1
N16779982,D7.2 D8.1
N16779984,D8.2 D9.1
PLC1,D5.2 D16.1 R32.1 TH4.1
PLC2,D15.2 D17.1 TH3.1
PLC_RX,Q9.3 R33.1 U5.1 U5.32
PLC_TX,R10.2 U5.2
RESET,J2.5 R42.1 U5.29
RX_ADC,C11.2 D1.1 R1.2 TP11.1 U5.23
RX_IN,J3.2 R15.1 R20.2 TP6.1
SCL,R57.1 U14.3 U16.4
SDA,R58.1 U14.4 U16.6
SELECT,R75.1 S2.9 U5.22
TX_OUT,C13.1 J3.1 TP8.1
TX_TRIG,R6.1 TP7.1 U5.9
USM_ID4,R69.1 S2.12 U5.14
USM_ID5,R71.1 S2.11 U5.24
USM_ID6,R73.1 S2.10 U5.19
